        Info Looking up installed tauri packages to check mismatched versions...
        Warn The bundle identifier "com.bartnotes.app" set in `"tauri.conf.json" identifier` ends with `.app`. This is not recommended because it conflicts with the application bundle extension on macOS.
     Running beforeBuildCommand `npm run build`

> bartnotes@1.0.0 build
> vite build

vite v5.4.21 building for production...
transforming...
✓ 3443 modules transformed.
rendering chunks...
computing gzip size...
dist/registerSW.js                          0.13 kB
dist/manifest.webmanifest                   0.38 kB
dist/index.html                             1.50 kB │ gzip:   0.67 kB
dist/assets/Bart Notes Logo-Byq0FaSN.png  264.78 kB
dist/assets/index-DdDw_Xb7.css             22.85 kB │ gzip:   5.48 kB
dist/assets/index-DS5oucBR.js             715.59 kB │ gzip: 213.33 kB

(!) Some chunks are larger than 500 kB after minification. Consider:
- Using dynamic import() to code-split the application
- Use build.rollupOptions.output.manualChunks to improve chunking: https://rollupjs.org/configuration-options/#output-manualchunks
- Adjust chunk size limit for this warning via build.chunkSizeWarningLimit.
✓ built in 4.41s

PWA v1.2.0
mode      generateSW
precache  13 entries (1535.10 KiB)
files generated
  dist/sw.js
  dist/workbox-78ef5c9b.js
   Compiling app v0.1.0 (/home/bfsilva/Documentos/IA Developer/BartNotes/src-tauri)
    Finished `release` profile [optimized] target(s) in 28.90s
       Built application at: /home/bfsilva/Documentos/IA Developer/BartNotes/src-tauri/target/release/app
        Info Patching /home/bfsilva/Documentos/IA Developer/BartNotes/src-tauri/target/release/app with bundle type information: appimage
    Bundling bartnotes_1.0.0_amd64.AppImage (/home/bfsilva/Documentos/IA Developer/BartNotes/src-tauri/target/release/bundle/appimage/bartnotes_1.0.0_amd64.AppImage)
failed to bundle project `failed to run linuxdeploy`
       Error failed to bundle project `failed to run linuxdeploy`
